<?xml version="1.0" encoding="UTF-8"?>
<!-- Generated by org.testng.reporters.JUnitXMLReporter -->
<testsuite ignored="0" hostname="Administrators-Mac-mini.local" failures="0" tests="4" name="Default test" time="43.341" errors="0" timestamp="28 May 2020 18:44:14 GMT">
  <testcase classname="docker.Test1" name="Test2" time="4.318"/>
  <testcase classname="docker.Test1" name="Test3" time="2.828"/>
  <testcase classname="docker.Test1" name="Test4" time="2.051"/>
  <testcase classname="docker.Test1" name="test11" time="12.145"/>
</testsuite> <!-- Default test -->
