<?xml version="1.0" encoding="UTF-8"?>
<!-- Generated by org.testng.reporters.JUnitXMLReporter -->
<testsuite ignored="0" hostname="Administrators-Mac-mini.local" failures="0" tests="4" name="Test" time="33.289" errors="0" timestamp="25 May 2020 19:38:31 GMT">
  <testcase classname="docker.Test1" name="Test2" time="7.032"/>
  <testcase classname="docker.Test1" name="Test3" time="4.722"/>
  <testcase classname="docker.Test1" name="Test4" time="1.269"/>
  <testcase classname="docker.Test1" name="test11" time="15.52"/>
</testsuite> <!-- Test -->
