<?xml version="1.0" encoding="UTF-8"?>
<!-- Generated by org.testng.reporters.JUnitXMLReporter -->
<testsuite ignored="6" hostname="Administrators-Mac-mini.local" failures="0" tests="7" name="Test" time="55.059" errors="0" timestamp="25 May 2020 19:34:08 GMT">
  <testcase classname="docker.Test1" name="test11" time="14.175"/>
  <testcase classname="docker.Grid_docker3" name="test3" time="19.409"/>
  <testcase classname="docker.Grid_docker" name="test1" time="19.415"/>
  <testcase classname="docker.Grid_docker2" name="test2" time="19.42"/>
  <testcase classname="docker.Test1" name="test11" time="17.847"/>
  <testcase classname="docker.Test1" name="test11" time="18.403"/>
  <testcase classname="docker.Test1" name="test11" time="18.522"/>
  <testcase classname="docker.Test1" name="@BeforeTest setup" time="0.0">
    <ignored/>
  </testcase> <!-- @BeforeTest setup -->
  <testcase classname="docker.Test1" name="@BeforeTest setup" time="0.0">
    <ignored/>
  </testcase> <!-- @BeforeTest setup -->
  <testcase classname="docker.Test1" name="@BeforeTest setup" time="0.0">
    <ignored/>
  </testcase> <!-- @BeforeTest setup -->
  <testcase classname="docker.Test1" name="@AfterTest teardown" time="0.0">
    <ignored/>
  </testcase> <!-- @AfterTest teardown -->
  <testcase classname="docker.Test1" name="@AfterTest teardown" time="0.0">
    <ignored/>
  </testcase> <!-- @AfterTest teardown -->
  <testcase classname="docker.Test1" name="@AfterTest teardown" time="0.0">
    <ignored/>
  </testcase> <!-- @AfterTest teardown -->
</testsuite> <!-- Test -->
