<?xml version="1.0" encoding="UTF-8"?>
<testng-results ignored="6" total="13" passed="7" failed="0" skipped="0">
  <reporter-output>
  </reporter-output>
  <suite started-at="2020-05-25T19:33:08Z" name="Suite" finished-at="2020-05-25T19:34:03Z" duration-ms="55059">
    <groups>
    </groups>
    <test started-at="2020-05-25T19:33:08Z" name="Test" finished-at="2020-05-25T19:34:03Z" duration-ms="55059">
      <class name="docker.Grid_docker3">
        <test-method signature="test3()[pri:0, instance:docker.Grid_docker3@2bea5ab4]" started-at="2020-05-25T19:33:25Z" name="test3" finished-at="2020-05-25T19:33:44Z" duration-ms="19409" status="PASS">
          <reporter-output>
          </reporter-output>
        </test-method> <!-- test3 -->
        <test-method signature="test11()[pri:0, instance:docker.Grid_docker3@2bea5ab4]" started-at="2020-05-25T19:33:44Z" name="test11" finished-at="2020-05-25T19:34:02Z" duration-ms="17847" status="PASS">
          <reporter-output>
          </reporter-output>
        </test-method> <!-- test11 -->
      </class> <!-- docker.Grid_docker3 -->
      <class name="docker.Grid_docker">
        <test-method signature="test1()[pri:0, instance:docker.Grid_docker@76b10754]" started-at="2020-05-25T19:33:25Z" name="test1" finished-at="2020-05-25T19:33:44Z" duration-ms="19415" status="PASS">
          <reporter-output>
          </reporter-output>
        </test-method> <!-- test1 -->
        <test-method signature="test11()[pri:0, instance:docker.Grid_docker@76b10754]" started-at="2020-05-25T19:33:44Z" name="test11" finished-at="2020-05-25T19:34:03Z" duration-ms="18522" status="PASS">
          <reporter-output>
          </reporter-output>
        </test-method> <!-- test11 -->
      </class> <!-- docker.Grid_docker -->
      <class name="docker.Test1">
        <test-method signature="test11()[pri:0, instance:docker.Test1@3d8314f0]" started-at="2020-05-25T19:33:25Z" name="test11" finished-at="2020-05-25T19:33:39Z" duration-ms="14175" status="PASS">
          <reporter-output>
          </reporter-output>
        </test-method> <!-- test11 -->
      </class> <!-- docker.Test1 -->
      <class name="docker.Grid_docker2">
        <test-method is-config="true" signature="setup()[pri:0, instance:docker.Grid_docker2@de3a06f]" started-at="2020-05-25T19:33:08Z" name="setup" finished-at="2020-05-25T19:33:24Z" duration-ms="16257" status="PASS">
          <reporter-output>
          </reporter-output>
        </test-method> <!-- setup -->
        <test-method signature="test2()[pri:0, instance:docker.Grid_docker2@de3a06f]" started-at="2020-05-25T19:33:25Z" name="test2" finished-at="2020-05-25T19:33:44Z" duration-ms="19420" status="PASS">
          <reporter-output>
          </reporter-output>
        </test-method> <!-- test2 -->
        <test-method signature="test11()[pri:0, instance:docker.Grid_docker2@de3a06f]" started-at="2020-05-25T19:33:44Z" name="test11" finished-at="2020-05-25T19:34:03Z" duration-ms="18403" status="PASS">
          <reporter-output>
          </reporter-output>
        </test-method> <!-- test11 -->
        <test-method is-config="true" signature="teardown()[pri:0, instance:docker.Grid_docker2@de3a06f]" started-at="2020-05-25T19:34:03Z" name="teardown" finished-at="2020-05-25T19:34:03Z" duration-ms="296" status="PASS">
          <reporter-output>
          </reporter-output>
        </test-method> <!-- teardown -->
      </class> <!-- docker.Grid_docker2 -->
    </test> <!-- Test -->
  </suite> <!-- Suite -->
</testng-results>
