<?xml version="1.0" encoding="UTF-8"?>
<testsuite xmlns:xsi="http://www.w3.org/2001/XMLSchema-instance" xsi:noNamespaceSchemaLocation="https://maven.apache.org/surefire/maven-surefire-plugin/xsd/surefire-test-report-3.0.xsd" version="3.0" name="TestSuite" time="61.415" tests="7" errors="0" skipped="0" failures="0">
  <properties>
[...]
</properties>
  <testcase name="test11" classname="docker.Test1" time="14.178"/>
  <testcase name="test3" classname="docker.Grid_docker3" time="19.409"/>
  <testcase name="test11" classname="docker.Grid_docker3" time="17.837"/>
  <testcase name="test1" classname="docker.Grid_docker" time="0.006"/>
  <testcase name="test11" classname="docker.Grid_docker" time="18.517"/>
  <testcase name="test2" classname="docker.Grid_docker2" time="0.005"/>
  <testcase name="test11" classname="docker.Grid_docker2" time="18.404"/>
</testsuite>