<?xml version="1.0" encoding="UTF-8"?>
<testng-results ignored="0" total="4" passed="4" failed="0" skipped="0">
  <reporter-output>
  </reporter-output>
  <suite started-at="2020-05-25T19:37:52Z" name="Suite" finished-at="2020-05-25T19:38:26Z" duration-ms="33289">
    <groups>
    </groups>
    <test started-at="2020-05-25T19:37:52Z" name="Test" finished-at="2020-05-25T19:38:26Z" duration-ms="33289">
      <class name="docker.Test1">
        <test-method is-config="true" signature="setup()[pri:0, instance:docker.Test1@667a738]" started-at="2020-05-25T19:37:52Z" name="setup" finished-at="2020-05-25T19:37:57Z" duration-ms="4451" status="PASS">
          <reporter-output>
          </reporter-output>
        </test-method> <!-- setup -->
        <test-method signature="Test2()[pri:0, instance:docker.Test1@667a738]" started-at="2020-05-25T19:37:57Z" name="Test2" finished-at="2020-05-25T19:38:04Z" duration-ms="7032" status="PASS">
          <reporter-output>
          </reporter-output>
        </test-method> <!-- Test2 -->
        <test-method signature="Test3()[pri:0, instance:docker.Test1@667a738]" started-at="2020-05-25T19:38:04Z" name="Test3" finished-at="2020-05-25T19:38:09Z" duration-ms="4722" status="PASS">
          <reporter-output>
          </reporter-output>
        </test-method> <!-- Test3 -->
        <test-method signature="Test4()[pri:0, instance:docker.Test1@667a738]" started-at="2020-05-25T19:38:09Z" name="Test4" finished-at="2020-05-25T19:38:10Z" duration-ms="1269" status="PASS">
          <reporter-output>
          </reporter-output>
        </test-method> <!-- Test4 -->
        <test-method signature="test11()[pri:0, instance:docker.Test1@667a738]" started-at="2020-05-25T19:38:10Z" name="test11" finished-at="2020-05-25T19:38:26Z" duration-ms="15520" status="PASS">
          <reporter-output>
          </reporter-output>
        </test-method> <!-- test11 -->
        <test-method is-config="true" signature="teardown()[pri:0, instance:docker.Test1@667a738]" started-at="2020-05-25T19:38:26Z" name="teardown" finished-at="2020-05-25T19:38:26Z" duration-ms="111" status="PASS">
          <reporter-output>
          </reporter-output>
        </test-method> <!-- teardown -->
      </class> <!-- docker.Test1 -->
    </test> <!-- Test -->
  </suite> <!-- Suite -->
</testng-results>
